<?xml version="1.0" encoding="UTF-8"?>
<testng-results skipped="0" failed="0" ignored="0" total="1" passed="1">
  <reporter-output>
    <line>
      <![CDATA[Employee Added]]>
    </line>
  </reporter-output>
  <suite name="Default suite" duration-ms="11301" started-at="2020-02-06T09:32:09Z" finished-at="2020-02-06T09:32:20Z">
    <groups>
    </groups>
    <test name="Default test" duration-ms="11301" started-at="2020-02-06T09:32:09Z" finished-at="2020-02-06T09:32:20Z">
      <class name="com.cg.loanprocessingsystemselenium.AddEmployee">
        <test-method status="PASS" signature="start()[pri:0, instance:com.cg.loanprocessingsystemselenium.AddEmployee@428640fa]" name="start" is-config="true" duration-ms="7720" started-at="2020-02-06T09:32:09Z" finished-at="2020-02-06T09:32:16Z">
          <reporter-output>
          </reporter-output>
        </test-method> <!-- start -->
        <test-method status="PASS" signature="addEmployee()[pri:0, instance:com.cg.loanprocessingsystemselenium.AddEmployee@428640fa]" name="addEmployee" duration-ms="3263" started-at="2020-02-06T09:32:16Z" finished-at="2020-02-06T09:32:20Z">
          <reporter-output>
            <line>
              <![CDATA[Employee Added]]>
            </line>
          </reporter-output>
        </test-method> <!-- addEmployee -->
        <test-method status="PASS" signature="stop()[pri:0, instance:com.cg.loanprocessingsystemselenium.AddEmployee@428640fa]" name="stop" is-config="true" duration-ms="246" started-at="2020-02-06T09:32:20Z" finished-at="2020-02-06T09:32:20Z">
          <reporter-output>
          </reporter-output>
        </test-method> <!-- stop -->
      </class> <!-- com.cg.loanprocessingsystemselenium.AddEmployee -->
    </test> <!-- Default test -->
  </suite> <!-- Default suite -->
</testng-results>
