<?xml version="1.0" encoding="UTF-8"?>
<testng-results skipped="0" failed="0" ignored="0" total="1" passed="1">
  <reporter-output>
    <line>
      <![CDATA[Customer added successfully]]>
    </line>
  </reporter-output>
  <suite name="Default suite" duration-ms="13273" started-at="2020-01-28T10:06:48Z" finished-at="2020-01-28T10:07:01Z">
    <groups>
    </groups>
    <test name="Default test" duration-ms="13273" started-at="2020-01-28T10:06:48Z" finished-at="2020-01-28T10:07:01Z">
      <class name="forestrymanagementselenium.AddCustomerTest">
        <test-method status="PASS" signature="start()[pri:0, instance:forestrymanagementselenium.AddCustomerTest@59505b48]" name="start" is-config="true" duration-ms="9322" started-at="2020-01-28T10:06:48Z" finished-at="2020-01-28T10:06:57Z">
          <reporter-output>
          </reporter-output>
        </test-method> <!-- start -->
        <test-method status="PASS" signature="addCustomer()[pri:0, instance:forestrymanagementselenium.AddCustomerTest@59505b48]" name="addCustomer" duration-ms="3698" started-at="2020-01-28T10:06:57Z" finished-at="2020-01-28T10:07:01Z">
          <reporter-output>
            <line>
              <![CDATA[Customer added successfully]]>
            </line>
          </reporter-output>
        </test-method> <!-- addCustomer -->
        <test-method status="PASS" signature="stop()[pri:0, instance:forestrymanagementselenium.AddCustomerTest@59505b48]" name="stop" is-config="true" duration-ms="208" started-at="2020-01-28T10:07:01Z" finished-at="2020-01-28T10:07:01Z">
          <reporter-output>
          </reporter-output>
        </test-method> <!-- stop -->
      </class> <!-- forestrymanagementselenium.AddCustomerTest -->
    </test> <!-- Default test -->
  </suite> <!-- Default suite -->
</testng-results>
